2024-10-30T22:36:34.186460Z  INFO neard: version="trunk" build="cdb8055d9" latest_protocol=72
2024-10-30T22:36:34.194782Z  INFO config: Validating Config, extracted from config.json...
2024-10-30T22:36:34.197399Z  WARN genesis: Skipped genesis validation
2024-10-30T22:36:34.197531Z  INFO config: Validating Genesis config and records. This could take a few minutes...
2024-10-30T22:36:34.198322Z  INFO config: All validations have passed!
2024-10-30T22:36:34.207618Z  INFO neard: Changing the config "/Users/vova/.near/log_config.json". config=LogConfig { rust_log: Some("near=INFO,client=debug,chain=debug"), verbose_module: None, opentelemetry: Some("info") }
2024-10-30T22:36:34.208104Z  INFO config: Validating Config, extracted from config.json...
2024-10-30T22:36:34.208201Z  INFO neard: Hot loading validator key /Users/vova/.near/validator_key.json.
2024-10-30T22:36:34.208501Z  INFO near_o11y::reload: Updated the logging layer according to `log_config.json`
2024-10-30T22:36:34.209450Z  INFO db_opener: Opening NodeStorage path="/Users/vova/.near/data" cold_path="none"
2024-10-30T22:36:34.209573Z  INFO db_opener: The database doesn't exist, creating it. path=/Users/vova/.near/data
2024-10-30T22:36:34.209880Z  INFO db: Opened a new RocksDB instance. num_instances=1
2024-10-30T22:36:34.975436Z  INFO db: Closed a RocksDB instance. num_instances=0
2024-10-30T22:36:34.975512Z  INFO db: Opened a new RocksDB instance. num_instances=1
2024-10-30T22:36:35.024523Z  INFO db_opener: Setting the db DbKind to RPC archive=false which="Hot"
2024-10-30T22:36:35.026764Z  INFO db: Closed a RocksDB instance. num_instances=0
2024-10-30T22:36:35.026821Z  INFO db: Opened a new RocksDB instance. num_instances=1
2024-10-30T22:36:35.028734Z  INFO db: Closed a RocksDB instance. num_instances=0
2024-10-30T22:36:35.028789Z  INFO db: Opened a new RocksDB instance. num_instances=1
2024-10-30T22:36:35.161240Z DEBUG chain: Reading genesis congestion infos from database.
2024-10-30T22:36:35.161193Z DEBUG chain: Reading genesis congestion infos from database.
2024-10-30T22:36:35.161193Z DEBUG chain: Reading genesis congestion infos from database.
2024-10-30T22:36:35.161193Z DEBUG chain: Reading genesis congestion infos from database.
2024-10-30T22:36:35.172825Z  INFO client: Starting validator node: test.near
2024-10-30T22:36:35.176050Z DEBUG check_triggers:run_sync_step: client: No peers: skip account announce
2024-10-30T22:36:35.178542Z DEBUG check_triggers:try_handle_block_production:handle_block_production: client: Cannot produce any block: not enough approvals beyond 0
2024-10-30T22:36:35.287903Z DEBUG check_triggers:try_handle_block_production:handle_block_production: client: Cannot produce any block: not enough approvals beyond 0
2024-10-30T22:36:35.391019Z DEBUG check_triggers:try_handle_block_production:handle_block_production: client: Cannot produce any block: not enough approvals beyond 0
2024-10-30T22:36:35.494029Z DEBUG check_triggers:try_handle_block_production:handle_block_production: client: Cannot produce any block: not enough approvals beyond 0
2024-10-30T22:36:35.595555Z DEBUG check_triggers:try_handle_block_production:handle_block_production: client: Cannot produce any block: not enough approvals beyond 0
2024-10-30T22:36:35.697263Z DEBUG check_triggers:try_handle_block_production:handle_block_production: client: Cannot produce any block: not enough approvals beyond 0
2024-10-30T22:36:35.799996Z DEBUG check_triggers:try_doomslug_timer: client: collect_block_approval approval_inner=Endorsement(5kXmS7Eyvfsgg7ygekRwNhsyWrHn9M26UhPPP2Z4rgBL) account_id=AccountId("test.near") target_height=1 approval_type=SelfApproval
2024-10-30T22:36:35.800779Z DEBUG check_triggers:try_handle_block_production:handle_block_production: client: Considering blocks for production between 1 and 1
2024-10-30T22:36:35.802318Z DEBUG check_triggers:try_handle_block_production:handle_block_production:produce_block{next_height=1}:produce_block_on_head{height=1}: client: Producing block validator=AccountId("test.near") height=1 prev_height=0 prev_hash="5kXmS7" new_chunks_count=0 new_chunks=[]
2024-10-30T22:36:35.804535Z DEBUG check_triggers:try_handle_block_production:handle_block_production:produce_block{next_height=1}:start_process_block{provenance=PRODUCED block_height=1}:start_process_block_async{provenance=PRODUCED height=1}:start_process_block_impl{block_height=1}: chain: preprocess_block height=1 num_approvals=1
2024-10-30T22:36:35.804749Z DEBUG check_triggers:try_handle_block_production:handle_block_production:produce_block{next_height=1}:start_process_block{provenance=PRODUCED block_height=1}:start_process_block_async{provenance=PRODUCED height=1}:start_process_block_impl{block_height=1}: chain: block is the first block of an epoch block_hash=6ErLGSLDBEYWp9MTLBit3usmZejzcKaA4LbkE8cnY97c
2024-10-30T22:36:35.804911Z DEBUG check_triggers:try_handle_block_production:handle_block_production:produce_block{next_height=1}:start_process_block{provenance=PRODUCED block_height=1}:start_process_block_async{provenance=PRODUCED height=1}:start_process_block_impl{block_height=1}: chain: should catch up shard does_care_about_shard=true will_care_about_shard=true will_shard_layout_change=false
2024-10-30T22:36:35.805031Z DEBUG check_triggers:try_handle_block_production:handle_block_production:produce_block{next_height=1}:start_process_block{provenance=PRODUCED block_height=1}:start_process_block_async{provenance=PRODUCED height=1}:start_process_block_impl{block_height=1}: chain: Process block block_hash=6ErLGSLDBEYWp9MTLBit3usmZejzcKaA4LbkE8cnY97c me=Some(AccountId("test.near")) is_caught_up=true
2024-10-30T22:36:35.812249Z DEBUG check_triggers:try_process_unfinished_blocks:postprocess_ready_blocks{should_produce_chunk=true}:postprocess_ready_blocks_chain:postprocess_ready_block{height=1}:postprocess_block_only:ChainUpdate::postprocess_block: chain: Header head updated to 6ErLGSLDBEYWp9MTLBit3usmZejzcKaA4LbkE8cnY97c at 1
2024-10-30T22:36:35.812466Z DEBUG check_triggers:try_process_unfinished_blocks:postprocess_ready_blocks{should_produce_chunk=true}:postprocess_ready_blocks_chain:postprocess_ready_block{height=1}:postprocess_block_only:ChainUpdate::postprocess_block: chain: Head updated to 6ErLGSLDBEYWp9MTLBit3usmZejzcKaA4LbkE8cnY97c at 1
2024-10-30T22:36:35.813300Z DEBUG check_triggers:try_process_unfinished_blocks:postprocess_ready_blocks{should_produce_chunk=true}:postprocess_ready_blocks_chain:postprocess_ready_block{height=1}: chain: Updating flat storage shard_id=0 need_flat_storage_update=true
2024-10-30T22:36:35.814414Z DEBUG check_triggers:try_process_unfinished_blocks:postprocess_ready_blocks{should_produce_chunk=true}:on_block_accepted_with_optional_chunk_produce{block_hash=6ErLGSLDBEYWp9MTLBit3usmZejzcKaA4LbkE8cnY97c status=Next provenance=PRODUCED skip_produce_chunk=false is_syncing=false sync_status=NoSync}:produce_chunks{validator_id=AccountId("test.near") block_height=1}:on_block_accepted{prev_block_hash=6ErLGSLDBEYWp9MTLBit3usmZejzcKaA4LbkE8cnY97c shard_id=0}:produce_chunk{height=2 epoch_id=EpochId(11111111111111111111111111111111)}: client: Producing chunk me=AccountId("test.near") next_height=2 shard_id=0
2024-10-30T22:36:35.815838Z DEBUG check_triggers:try_process_unfinished_blocks:postprocess_ready_blocks{should_produce_chunk=true}:on_block_accepted_with_optional_chunk_produce{block_hash=6ErLGSLDBEYWp9MTLBit3usmZejzcKaA4LbkE8cnY97c status=Next provenance=PRODUCED skip_produce_chunk=false is_syncing=false sync_status=NoSync}:produce_chunks{validator_id=AccountId("test.near") block_height=1}:on_block_accepted{prev_block_hash=6ErLGSLDBEYWp9MTLBit3usmZejzcKaA4LbkE8cnY97c shard_id=0}:produce_chunk{height=2 epoch_id=EpochId(11111111111111111111111111111111) chunk_hash=ChunkHash(6PWUsyBNBQaTJBnbR9xT2Lpqp3SXVSCXQxQCAUX2P6mQ)}: client: produced_chunk me=test.near chunk_hash=ChunkHash(6PWUsyBNBQaTJBnbR9xT2Lpqp3SXVSCXQxQCAUX2P6mQ) prev_block_hash=6ErLGSLDBEYWp9MTLBit3usmZejzcKaA4LbkE8cnY97c num_filtered_transactions=0 num_outgoing_receipts=0
2024-10-30T22:36:35.817593Z DEBUG check_triggers:try_process_unfinished_blocks:postprocess_ready_blocks{should_produce_chunk=true}:on_block_accepted_with_optional_chunk_produce{block_hash=6ErLGSLDBEYWp9MTLBit3usmZejzcKaA4LbkE8cnY97c status=Next provenance=PRODUCED skip_produce_chunk=false is_syncing=false sync_status=NoSync}:produce_chunks{validator_id=AccountId("test.near") block_height=1}:on_block_accepted{prev_block_hash=6ErLGSLDBEYWp9MTLBit3usmZejzcKaA4LbkE8cnY97c shard_id=0}:send_chunk_state_witness{chunk_hash=ChunkHash(6PWUsyBNBQaTJBnbR9xT2Lpqp3SXVSCXQxQCAUX2P6mQ) shard_id=0}: client: send_chunk_endorsement_from_chunk_producer chunk_hash=ChunkHash(6PWUsyBNBQaTJBnbR9xT2Lpqp3SXVSCXQxQCAUX2P6mQ) shard_id=0
2024-10-30T22:36:35.817918Z DEBUG check_triggers:try_process_unfinished_blocks:postprocess_ready_blocks{should_produce_chunk=true}:on_block_accepted_with_optional_chunk_produce{block_hash=6ErLGSLDBEYWp9MTLBit3usmZejzcKaA4LbkE8cnY97c status=Next provenance=PRODUCED skip_produce_chunk=false is_syncing=false sync_status=NoSync}:produce_chunks{validator_id=AccountId("test.near") block_height=1}:on_block_accepted{prev_block_hash=6ErLGSLDBEYWp9MTLBit3usmZejzcKaA4LbkE8cnY97c shard_id=0}:send_chunk_state_witness{chunk_hash=ChunkHash(6PWUsyBNBQaTJBnbR9xT2Lpqp3SXVSCXQxQCAUX2P6mQ) shard_id=0}: client: send_chunk_endorsement chunk_hash=ChunkHash(6PWUsyBNBQaTJBnbR9xT2Lpqp3SXVSCXQxQCAUX2P6mQ) shard_id=0 block_producers=[AccountId("test.near")]
2024-10-30T22:36:35.818635Z DEBUG check_triggers:try_process_unfinished_blocks:process_accepted_blocks{num_blocks=1}: client: process_accepted_block height=1
2024-10-30T22:36:35.819065Z DEBUG check_triggers:try_process_unfinished_blocks:process_accepted_blocks{num_blocks=1}: client: No peers: skip account announce
2024-10-30T22:36:35.819026Z DEBUG client: distribute_chunk_state_witness chunk_hash=ChunkHash(6PWUsyBNBQaTJBnbR9xT2Lpqp3SXVSCXQxQCAUX2P6mQ)
2024-10-30T22:36:35.820984Z DEBUG client: generate_state_witness_parts chunk_hash=ChunkHash(6PWUsyBNBQaTJBnbR9xT2Lpqp3SXVSCXQxQCAUX2P6mQ) chunk_validators=[AccountId("test.near")]
2024-10-30T22:36:35.821552Z DEBUG client: Receive PartialEncodedStateWitnessMessage partial_witness=PartialEncodedStateWitness { epoch_id: EpochId(11111111111111111111111111111111), shard_id: 0, height_created: 2, part_ord: 0 }
2024-10-30T22:36:35.901746Z DEBUG check_triggers:try_handle_block_production:handle_block_production: client: Cannot produce any block: not enough approvals beyond 1
2024-10-30T22:36:36.002716Z DEBUG check_triggers:try_handle_block_production:handle_block_production: client: Cannot produce any block: not enough approvals beyond 1
2024-10-30T22:36:36.104326Z DEBUG check_triggers:try_handle_block_production:handle_block_production: client: Cannot produce any block: not enough approvals beyond 1
2024-10-30T22:36:36.206643Z DEBUG check_triggers:try_handle_block_production:handle_block_production: client: Cannot produce any block: not enough approvals beyond 1
2024-10-30T22:36:36.309209Z DEBUG check_triggers:try_handle_block_production:handle_block_production: client: Cannot produce any block: not enough approvals beyond 1
2024-10-30T22:36:36.410732Z DEBUG check_triggers:try_doomslug_timer: client: collect_block_approval approval_inner=Endorsement(6ErLGSLDBEYWp9MTLBit3usmZejzcKaA4LbkE8cnY97c) account_id=AccountId("test.near") target_height=2 approval_type=SelfApproval
2024-10-30T22:36:36.410956Z DEBUG check_triggers:try_handle_block_production:handle_block_production: client: Considering blocks for production between 2 and 2
2024-10-30T22:36:36.411418Z DEBUG check_triggers:try_handle_block_production:handle_block_production:produce_block{next_height=2}:produce_block_on_head{height=2}: client: Producing block validator=AccountId("test.near") height=2 prev_height=1 prev_hash="6ErLGS" new_chunks_count=1 new_chunks=[ChunkHash(6PWUsyBNBQaTJBnbR9xT2Lpqp3SXVSCXQxQCAUX2P6mQ)]
2024-10-30T22:36:36.412485Z DEBUG check_triggers:try_handle_block_production:handle_block_production:produce_block{next_height=2}:start_process_block{provenance=PRODUCED block_height=2}:start_process_block_async{provenance=PRODUCED height=2}:start_process_block_impl{block_height=2}: chain: preprocess_block height=2 num_approvals=1
2024-10-30T22:36:36.412647Z DEBUG check_triggers:try_handle_block_production:handle_block_production:produce_block{next_height=2}:start_process_block{provenance=PRODUCED block_height=2}:start_process_block_async{provenance=PRODUCED height=2}:start_process_block_impl{block_height=2}: chain: Process block block_hash=A6ELieUvn82oxBW1fB9VtL3fwgPAHQ3kA99avCZrodkz me=Some(AccountId("test.near")) is_caught_up=true
2024-10-30T22:36:36.414016Z DEBUG check_triggers:try_handle_block_production:handle_block_production:produce_block{next_height=2}:start_process_block{provenance=PRODUCED block_height=2}:start_process_block_async{provenance=PRODUCED height=2}:start_process_block_impl{block_height=2}:apply_chunks_preprocessing:get_update_shard_job:get_incoming_receipts_for_shard{shard_id=0 block_hash=6ErLGSLDBEYWp9MTLBit3usmZejzcKaA4LbkE8cnY97c last_chunk_height_included=0}: chain: could not find receipts from block with missing chunks err=DBNotFoundErr("INCOMING RECEIPT: 6ErLGSLDBEYWp9MTLBit3usmZejzcKaA4LbkE8cnY97c 0")
2024-10-30T22:36:36.416900Z DEBUG check_triggers:try_process_unfinished_blocks:postprocess_ready_blocks{should_produce_chunk=true}:postprocess_ready_blocks_chain:postprocess_ready_block{height=2}:postprocess_block_only:ChainUpdate::postprocess_block: chain: Header head updated to A6ELieUvn82oxBW1fB9VtL3fwgPAHQ3kA99avCZrodkz at 2
2024-10-30T22:36:36.417061Z DEBUG check_triggers:try_process_unfinished_blocks:postprocess_ready_blocks{should_produce_chunk=true}:postprocess_ready_blocks_chain:postprocess_ready_block{height=2}:postprocess_block_only:ChainUpdate::postprocess_block: chain: Head updated to A6ELieUvn82oxBW1fB9VtL3fwgPAHQ3kA99avCZrodkz at 2
2024-10-30T22:36:36.417649Z DEBUG check_triggers:try_process_unfinished_blocks:postprocess_ready_blocks{should_produce_chunk=true}:postprocess_ready_blocks_chain:postprocess_ready_block{height=2}: chain: Updating flat storage shard_id=0 need_flat_storage_update=true
2024-10-30T22:36:36.418286Z DEBUG check_triggers:try_process_unfinished_blocks:postprocess_ready_blocks{should_produce_chunk=true}:on_block_accepted_with_optional_chunk_produce{block_hash=A6ELieUvn82oxBW1fB9VtL3fwgPAHQ3kA99avCZrodkz status=Next provenance=PRODUCED skip_produce_chunk=false is_syncing=false sync_status=NoSync}:produce_chunks{validator_id=AccountId("test.near") block_height=2}:on_block_accepted{prev_block_hash=A6ELieUvn82oxBW1fB9VtL3fwgPAHQ3kA99avCZrodkz shard_id=0}:produce_chunk{height=3 epoch_id=EpochId(11111111111111111111111111111111)}: client: Producing chunk me=AccountId("test.near") next_height=3 shard_id=0
2024-10-30T22:36:36.419411Z DEBUG check_triggers:try_process_unfinished_blocks:postprocess_ready_blocks{should_produce_chunk=true}:on_block_accepted_with_optional_chunk_produce{block_hash=A6ELieUvn82oxBW1fB9VtL3fwgPAHQ3kA99avCZrodkz status=Next provenance=PRODUCED skip_produce_chunk=false is_syncing=false sync_status=NoSync}:produce_chunks{validator_id=AccountId("test.near") block_height=2}:on_block_accepted{prev_block_hash=A6ELieUvn82oxBW1fB9VtL3fwgPAHQ3kA99avCZrodkz shard_id=0}:produce_chunk{height=3 epoch_id=EpochId(11111111111111111111111111111111) chunk_hash=ChunkHash(4g6XVSpdy5r32mZabVTeSQXSmy84GMrDC8UCJuFyGXHy)}: client: produced_chunk me=test.near chunk_hash=ChunkHash(4g6XVSpdy5r32mZabVTeSQXSmy84GMrDC8UCJuFyGXHy) prev_block_hash=A6ELieUvn82oxBW1fB9VtL3fwgPAHQ3kA99avCZrodkz num_filtered_transactions=0 num_outgoing_receipts=0
2024-10-30T22:36:36.420221Z DEBUG check_triggers:try_process_unfinished_blocks:postprocess_ready_blocks{should_produce_chunk=true}:on_block_accepted_with_optional_chunk_produce{block_hash=A6ELieUvn82oxBW1fB9VtL3fwgPAHQ3kA99avCZrodkz status=Next provenance=PRODUCED skip_produce_chunk=false is_syncing=false sync_status=NoSync}:produce_chunks{validator_id=AccountId("test.near") block_height=2}:on_block_accepted{prev_block_hash=A6ELieUvn82oxBW1fB9VtL3fwgPAHQ3kA99avCZrodkz shard_id=0}:send_chunk_state_witness{chunk_hash=ChunkHash(4g6XVSpdy5r32mZabVTeSQXSmy84GMrDC8UCJuFyGXHy) shard_id=0}:get_incoming_receipts_for_shard{shard_id=0 block_hash=A6ELieUvn82oxBW1fB9VtL3fwgPAHQ3kA99avCZrodkz last_chunk_height_included=0}: chain: found receipts from block with missing chunks
2024-10-30T22:36:36.420315Z DEBUG check_triggers:try_process_unfinished_blocks:postprocess_ready_blocks{should_produce_chunk=true}:on_block_accepted_with_optional_chunk_produce{block_hash=A6ELieUvn82oxBW1fB9VtL3fwgPAHQ3kA99avCZrodkz status=Next provenance=PRODUCED skip_produce_chunk=false is_syncing=false sync_status=NoSync}:produce_chunks{validator_id=AccountId("test.near") block_height=2}:on_block_accepted{prev_block_hash=A6ELieUvn82oxBW1fB9VtL3fwgPAHQ3kA99avCZrodkz shard_id=0}:send_chunk_state_witness{chunk_hash=ChunkHash(4g6XVSpdy5r32mZabVTeSQXSmy84GMrDC8UCJuFyGXHy) shard_id=0}:get_incoming_receipts_for_shard{shard_id=0 block_hash=A6ELieUvn82oxBW1fB9VtL3fwgPAHQ3kA99avCZrodkz last_chunk_height_included=0}: chain: could not find receipts from block with missing chunks err=DBNotFoundErr("INCOMING RECEIPT: 6ErLGSLDBEYWp9MTLBit3usmZejzcKaA4LbkE8cnY97c 0")
2024-10-30T22:36:36.420454Z DEBUG check_triggers:try_process_unfinished_blocks:postprocess_ready_blocks{should_produce_chunk=true}:on_block_accepted_with_optional_chunk_produce{block_hash=A6ELieUvn82oxBW1fB9VtL3fwgPAHQ3kA99avCZrodkz status=Next provenance=PRODUCED skip_produce_chunk=false is_syncing=false sync_status=NoSync}:produce_chunks{validator_id=AccountId("test.near") block_height=2}:on_block_accepted{prev_block_hash=A6ELieUvn82oxBW1fB9VtL3fwgPAHQ3kA99avCZrodkz shard_id=0}:send_chunk_state_witness{chunk_hash=ChunkHash(4g6XVSpdy5r32mZabVTeSQXSmy84GMrDC8UCJuFyGXHy) shard_id=0}: client: send_chunk_endorsement_from_chunk_producer chunk_hash=ChunkHash(4g6XVSpdy5r32mZabVTeSQXSmy84GMrDC8UCJuFyGXHy) shard_id=0
2024-10-30T22:36:36.420548Z DEBUG check_triggers:try_process_unfinished_blocks:postprocess_ready_blocks{should_produce_chunk=true}:on_block_accepted_with_optional_chunk_produce{block_hash=A6ELieUvn82oxBW1fB9VtL3fwgPAHQ3kA99avCZrodkz status=Next provenance=PRODUCED skip_produce_chunk=false is_syncing=false sync_status=NoSync}:produce_chunks{validator_id=AccountId("test.near") block_height=2}:on_block_accepted{prev_block_hash=A6ELieUvn82oxBW1fB9VtL3fwgPAHQ3kA99avCZrodkz shard_id=0}:send_chunk_state_witness{chunk_hash=ChunkHash(4g6XVSpdy5r32mZabVTeSQXSmy84GMrDC8UCJuFyGXHy) shard_id=0}: client: send_chunk_endorsement chunk_hash=ChunkHash(4g6XVSpdy5r32mZabVTeSQXSmy84GMrDC8UCJuFyGXHy) shard_id=0 block_producers=[AccountId("test.near")]
2024-10-30T22:36:36.420814Z DEBUG check_triggers:try_process_unfinished_blocks:process_accepted_blocks{num_blocks=1}: client: process_accepted_block height=2
2024-10-30T22:36:36.420808Z DEBUG client: distribute_chunk_state_witness chunk_hash=ChunkHash(4g6XVSpdy5r32mZabVTeSQXSmy84GMrDC8UCJuFyGXHy)
2024-10-30T22:36:36.420885Z DEBUG check_triggers:try_process_unfinished_blocks:process_accepted_blocks{num_blocks=1}: client: No peers: skip account announce
2024-10-30T22:36:36.421481Z DEBUG client: generate_state_witness_parts chunk_hash=ChunkHash(4g6XVSpdy5r32mZabVTeSQXSmy84GMrDC8UCJuFyGXHy) chunk_validators=[AccountId("test.near")]
2024-10-30T22:36:36.421843Z DEBUG client: Receive PartialEncodedStateWitnessMessage partial_witness=PartialEncodedStateWitness { epoch_id: EpochId(11111111111111111111111111111111), shard_id: 0, height_created: 3, part_ord: 0 }
2024-10-30T22:36:36.511805Z DEBUG check_triggers:try_handle_block_production:handle_block_production: client: Cannot produce any block: not enough approvals beyond 2
2024-10-30T22:36:36.613962Z DEBUG check_triggers:try_handle_block_production:handle_block_production: client: Cannot produce any block: not enough approvals beyond 2
2024-10-30T22:36:36.715597Z DEBUG check_triggers:try_handle_block_production:handle_block_production: client: Cannot produce any block: not enough approvals beyond 2
2024-10-30T22:36:36.817045Z DEBUG check_triggers:try_handle_block_production:handle_block_production: client: Cannot produce any block: not enough approvals beyond 2
2024-10-30T22:36:36.918161Z DEBUG check_triggers:try_handle_block_production:handle_block_production: client: Cannot produce any block: not enough approvals beyond 2
2024-10-30T22:36:37.019192Z DEBUG check_triggers:try_doomslug_timer: client: collect_block_approval approval_inner=Endorsement(A6ELieUvn82oxBW1fB9VtL3fwgPAHQ3kA99avCZrodkz) account_id=AccountId("test.near") target_height=3 approval_type=SelfApproval
2024-10-30T22:36:37.019430Z DEBUG check_triggers:try_handle_block_production:handle_block_production: client: Considering blocks for production between 3 and 3
2024-10-30T22:36:37.019796Z DEBUG check_triggers:try_handle_block_production:handle_block_production:produce_block{next_height=3}:produce_block_on_head{height=3}: client: Producing block validator=AccountId("test.near") height=3 prev_height=2 prev_hash="A6ELie" new_chunks_count=1 new_chunks=[ChunkHash(4g6XVSpdy5r32mZabVTeSQXSmy84GMrDC8UCJuFyGXHy)]
2024-10-30T22:36:37.020982Z DEBUG check_triggers:try_handle_block_production:handle_block_production:produce_block{next_height=3}:start_process_block{provenance=PRODUCED block_height=3}:start_process_block_async{provenance=PRODUCED height=3}:start_process_block_impl{block_height=3}: chain: preprocess_block height=3 num_approvals=1
2024-10-30T22:36:37.021155Z DEBUG check_triggers:try_handle_block_production:handle_block_production:produce_block{next_height=3}:start_process_block{provenance=PRODUCED block_height=3}:start_process_block_async{provenance=PRODUCED height=3}:start_process_block_impl{block_height=3}: chain: Process block block_hash=eD18HJdbWK636uz53stN771YaprrT3APUEcb11aXDbK me=Some(AccountId("test.near")) is_caught_up=true
2024-10-30T22:36:37.023491Z DEBUG check_triggers:try_process_unfinished_blocks:postprocess_ready_blocks{should_produce_chunk=true}:postprocess_ready_blocks_chain:postprocess_ready_block{height=3}:postprocess_block_only:ChainUpdate::postprocess_block: chain: Header head updated to eD18HJdbWK636uz53stN771YaprrT3APUEcb11aXDbK at 3
2024-10-30T22:36:37.024117Z DEBUG check_triggers:try_process_unfinished_blocks:postprocess_ready_blocks{should_produce_chunk=true}:postprocess_ready_blocks_chain:postprocess_ready_block{height=3}:postprocess_block_only:ChainUpdate::postprocess_block: chain: Head updated to eD18HJdbWK636uz53stN771YaprrT3APUEcb11aXDbK at 3
2024-10-30T22:36:37.024747Z DEBUG check_triggers:try_process_unfinished_blocks:postprocess_ready_blocks{should_produce_chunk=true}:postprocess_ready_blocks_chain:postprocess_ready_block{height=3}: chain: Updating flat storage shard_id=0 need_flat_storage_update=true
2024-10-30T22:36:37.025301Z DEBUG check_triggers:try_process_unfinished_blocks:postprocess_ready_blocks{should_produce_chunk=true}:on_block_accepted_with_optional_chunk_produce{block_hash=eD18HJdbWK636uz53stN771YaprrT3APUEcb11aXDbK status=Next provenance=PRODUCED skip_produce_chunk=false is_syncing=false sync_status=NoSync}:produce_chunks{validator_id=AccountId("test.near") block_height=3}:on_block_accepted{prev_block_hash=eD18HJdbWK636uz53stN771YaprrT3APUEcb11aXDbK shard_id=0}:produce_chunk{height=4 epoch_id=EpochId(11111111111111111111111111111111)}: client: Producing chunk me=AccountId("test.near") next_height=4 shard_id=0
2024-10-30T22:36:37.026151Z DEBUG check_triggers:try_process_unfinished_blocks:postprocess_ready_blocks{should_produce_chunk=true}:on_block_accepted_with_optional_chunk_produce{block_hash=eD18HJdbWK636uz53stN771YaprrT3APUEcb11aXDbK status=Next provenance=PRODUCED skip_produce_chunk=false is_syncing=false sync_status=NoSync}:produce_chunks{validator_id=AccountId("test.near") block_height=3}:on_block_accepted{prev_block_hash=eD18HJdbWK636uz53stN771YaprrT3APUEcb11aXDbK shard_id=0}:produce_chunk{height=4 epoch_id=EpochId(11111111111111111111111111111111) chunk_hash=ChunkHash(9nm3ysy5qCvLVawHjGVEpUR335Ck62mYMXqkubGMCa6X)}: client: produced_chunk me=test.near chunk_hash=ChunkHash(9nm3ysy5qCvLVawHjGVEpUR335Ck62mYMXqkubGMCa6X) prev_block_hash=eD18HJdbWK636uz53stN771YaprrT3APUEcb11aXDbK num_filtered_transactions=0 num_outgoing_receipts=0
2024-10-30T22:36:37.026889Z DEBUG check_triggers:try_process_unfinished_blocks:postprocess_ready_blocks{should_produce_chunk=true}:on_block_accepted_with_optional_chunk_produce{block_hash=eD18HJdbWK636uz53stN771YaprrT3APUEcb11aXDbK status=Next provenance=PRODUCED skip_produce_chunk=false is_syncing=false sync_status=NoSync}:produce_chunks{validator_id=AccountId("test.near") block_height=3}:on_block_accepted{prev_block_hash=eD18HJdbWK636uz53stN771YaprrT3APUEcb11aXDbK shard_id=0}:send_chunk_state_witness{chunk_hash=ChunkHash(9nm3ysy5qCvLVawHjGVEpUR335Ck62mYMXqkubGMCa6X) shard_id=0}:get_incoming_receipts_for_shard{shard_id=0 block_hash=eD18HJdbWK636uz53stN771YaprrT3APUEcb11aXDbK last_chunk_height_included=2}: chain: found receipts from block with missing chunks
2024-10-30T22:36:37.027011Z DEBUG check_triggers:try_process_unfinished_blocks:postprocess_ready_blocks{should_produce_chunk=true}:on_block_accepted_with_optional_chunk_produce{block_hash=eD18HJdbWK636uz53stN771YaprrT3APUEcb11aXDbK status=Next provenance=PRODUCED skip_produce_chunk=false is_syncing=false sync_status=NoSync}:produce_chunks{validator_id=AccountId("test.near") block_height=3}:on_block_accepted{prev_block_hash=eD18HJdbWK636uz53stN771YaprrT3APUEcb11aXDbK shard_id=0}:send_chunk_state_witness{chunk_hash=ChunkHash(9nm3ysy5qCvLVawHjGVEpUR335Ck62mYMXqkubGMCa6X) shard_id=0}: client: send_chunk_endorsement_from_chunk_producer chunk_hash=ChunkHash(9nm3ysy5qCvLVawHjGVEpUR335Ck62mYMXqkubGMCa6X) shard_id=0
2024-10-30T22:36:37.027101Z DEBUG check_triggers:try_process_unfinished_blocks:postprocess_ready_blocks{should_produce_chunk=true}:on_block_accepted_with_optional_chunk_produce{block_hash=eD18HJdbWK636uz53stN771YaprrT3APUEcb11aXDbK status=Next provenance=PRODUCED skip_produce_chunk=false is_syncing=false sync_status=NoSync}:produce_chunks{validator_id=AccountId("test.near") block_height=3}:on_block_accepted{prev_block_hash=eD18HJdbWK636uz53stN771YaprrT3APUEcb11aXDbK shard_id=0}:send_chunk_state_witness{chunk_hash=ChunkHash(9nm3ysy5qCvLVawHjGVEpUR335Ck62mYMXqkubGMCa6X) shard_id=0}: client: send_chunk_endorsement chunk_hash=ChunkHash(9nm3ysy5qCvLVawHjGVEpUR335Ck62mYMXqkubGMCa6X) shard_id=0 block_producers=[AccountId("test.near")]
2024-10-30T22:36:37.027353Z DEBUG check_triggers:try_process_unfinished_blocks:process_accepted_blocks{num_blocks=1}: client: process_accepted_block height=3
2024-10-30T22:36:37.027372Z DEBUG client: distribute_chunk_state_witness chunk_hash=ChunkHash(9nm3ysy5qCvLVawHjGVEpUR335Ck62mYMXqkubGMCa6X)
2024-10-30T22:36:37.027452Z DEBUG check_triggers:try_process_unfinished_blocks:process_accepted_blocks{num_blocks=1}: client: No peers: skip account announce
2024-10-30T22:36:37.027665Z DEBUG client: generate_state_witness_parts chunk_hash=ChunkHash(9nm3ysy5qCvLVawHjGVEpUR335Ck62mYMXqkubGMCa6X) chunk_validators=[AccountId("test.near")]
2024-10-30T22:36:37.028017Z DEBUG client: Receive PartialEncodedStateWitnessMessage partial_witness=PartialEncodedStateWitness { epoch_id: EpochId(11111111111111111111111111111111), shard_id: 0, height_created: 4, part_ord: 0 }
2024-10-30T22:36:37.119738Z DEBUG check_triggers:try_handle_block_production:handle_block_production: client: Cannot produce any block: not enough approvals beyond 3
2024-10-30T22:36:37.221165Z DEBUG check_triggers:try_handle_block_production:handle_block_production: client: Cannot produce any block: not enough approvals beyond 3
2024-10-30T22:36:37.322990Z DEBUG check_triggers:try_handle_block_production:handle_block_production: client: Cannot produce any block: not enough approvals beyond 3
2024-10-30T22:36:37.424734Z DEBUG check_triggers:try_handle_block_production:handle_block_production: client: Cannot produce any block: not enough approvals beyond 3
2024-10-30T22:36:37.525912Z DEBUG check_triggers:try_handle_block_production:handle_block_production: client: Cannot produce any block: not enough approvals beyond 3
2024-10-30T22:36:37.627498Z DEBUG check_triggers:try_doomslug_timer: client: collect_block_approval approval_inner=Endorsement(eD18HJdbWK636uz53stN771YaprrT3APUEcb11aXDbK) account_id=AccountId("test.near") target_height=4 approval_type=SelfApproval
2024-10-30T22:36:37.627727Z DEBUG check_triggers:try_handle_block_production:handle_block_production: client: Considering blocks for production between 4 and 4
2024-10-30T22:36:37.628064Z DEBUG check_triggers:try_handle_block_production:handle_block_production:produce_block{next_height=4}:produce_block_on_head{height=4}: client: Producing block validator=AccountId("test.near") height=4 prev_height=3 prev_hash="eD18HJ" new_chunks_count=1 new_chunks=[ChunkHash(9nm3ysy5qCvLVawHjGVEpUR335Ck62mYMXqkubGMCa6X)]
2024-10-30T22:36:37.628891Z DEBUG check_triggers:try_handle_block_production:handle_block_production:produce_block{next_height=4}:start_process_block{provenance=PRODUCED block_height=4}:start_process_block_async{provenance=PRODUCED height=4}:start_process_block_impl{block_height=4}: chain: preprocess_block height=4 num_approvals=1
2024-10-30T22:36:37.629023Z DEBUG check_triggers:try_handle_block_production:handle_block_production:produce_block{next_height=4}:start_process_block{provenance=PRODUCED block_height=4}:start_process_block_async{provenance=PRODUCED height=4}:start_process_block_impl{block_height=4}: chain: Process block block_hash=9MpmuKyZdyGrckYGYDFh4SAiSgKqbZHXByQL1xLuiGeC me=Some(AccountId("test.near")) is_caught_up=true
2024-10-30T22:36:37.631245Z DEBUG check_triggers:try_process_unfinished_blocks:postprocess_ready_blocks{should_produce_chunk=true}:postprocess_ready_blocks_chain:postprocess_ready_block{height=4}:postprocess_block_only:ChainUpdate::postprocess_block: chain: Header head updated to 9MpmuKyZdyGrckYGYDFh4SAiSgKqbZHXByQL1xLuiGeC at 4
2024-10-30T22:36:37.631598Z DEBUG check_triggers:try_process_unfinished_blocks:postprocess_ready_blocks{should_produce_chunk=true}:postprocess_ready_blocks_chain:postprocess_ready_block{height=4}:postprocess_block_only:ChainUpdate::postprocess_block: chain: Head updated to 9MpmuKyZdyGrckYGYDFh4SAiSgKqbZHXByQL1xLuiGeC at 4
2024-10-30T22:36:37.632121Z DEBUG check_triggers:try_process_unfinished_blocks:postprocess_ready_blocks{should_produce_chunk=true}:postprocess_ready_blocks_chain:postprocess_ready_block{height=4}: chain: Updating flat storage shard_id=0 need_flat_storage_update=true
2024-10-30T22:36:37.632789Z DEBUG check_triggers:try_process_unfinished_blocks:postprocess_ready_blocks{should_produce_chunk=true}:on_block_accepted_with_optional_chunk_produce{block_hash=9MpmuKyZdyGrckYGYDFh4SAiSgKqbZHXByQL1xLuiGeC status=Next provenance=PRODUCED skip_produce_chunk=false is_syncing=false sync_status=NoSync}:produce_chunks{validator_id=AccountId("test.near") block_height=4}:on_block_accepted{prev_block_hash=9MpmuKyZdyGrckYGYDFh4SAiSgKqbZHXByQL1xLuiGeC shard_id=0}:produce_chunk{height=5 epoch_id=EpochId(11111111111111111111111111111111)}: client: Producing chunk me=AccountId("test.near") next_height=5 shard_id=0
2024-10-30T22:36:37.633614Z DEBUG check_triggers:try_process_unfinished_blocks:postprocess_ready_blocks{should_produce_chunk=true}:on_block_accepted_with_optional_chunk_produce{block_hash=9MpmuKyZdyGrckYGYDFh4SAiSgKqbZHXByQL1xLuiGeC status=Next provenance=PRODUCED skip_produce_chunk=false is_syncing=false sync_status=NoSync}:produce_chunks{validator_id=AccountId("test.near") block_height=4}:on_block_accepted{prev_block_hash=9MpmuKyZdyGrckYGYDFh4SAiSgKqbZHXByQL1xLuiGeC shard_id=0}:produce_chunk{height=5 epoch_id=EpochId(11111111111111111111111111111111) chunk_hash=ChunkHash(GcMXCEkV5yrhEzRRwJGUDNAx6JLFLENBz8GLckQreAxs)}: client: produced_chunk me=test.near chunk_hash=ChunkHash(GcMXCEkV5yrhEzRRwJGUDNAx6JLFLENBz8GLckQreAxs) prev_block_hash=9MpmuKyZdyGrckYGYDFh4SAiSgKqbZHXByQL1xLuiGeC num_filtered_transactions=0 num_outgoing_receipts=0
2024-10-30T22:36:37.634486Z DEBUG check_triggers:try_process_unfinished_blocks:postprocess_ready_blocks{should_produce_chunk=true}:on_block_accepted_with_optional_chunk_produce{block_hash=9MpmuKyZdyGrckYGYDFh4SAiSgKqbZHXByQL1xLuiGeC status=Next provenance=PRODUCED skip_produce_chunk=false is_syncing=false sync_status=NoSync}:produce_chunks{validator_id=AccountId("test.near") block_height=4}:on_block_accepted{prev_block_hash=9MpmuKyZdyGrckYGYDFh4SAiSgKqbZHXByQL1xLuiGeC shard_id=0}:send_chunk_state_witness{chunk_hash=ChunkHash(GcMXCEkV5yrhEzRRwJGUDNAx6JLFLENBz8GLckQreAxs) shard_id=0}:get_incoming_receipts_for_shard{shard_id=0 block_hash=9MpmuKyZdyGrckYGYDFh4SAiSgKqbZHXByQL1xLuiGeC last_chunk_height_included=3}: chain: found receipts from block with missing chunks
2024-10-30T22:36:37.634623Z DEBUG check_triggers:try_process_unfinished_blocks:postprocess_ready_blocks{should_produce_chunk=true}:on_block_accepted_with_optional_chunk_produce{block_hash=9MpmuKyZdyGrckYGYDFh4SAiSgKqbZHXByQL1xLuiGeC status=Next provenance=PRODUCED skip_produce_chunk=false is_syncing=false sync_status=NoSync}:produce_chunks{validator_id=AccountId("test.near") block_height=4}:on_block_accepted{prev_block_hash=9MpmuKyZdyGrckYGYDFh4SAiSgKqbZHXByQL1xLuiGeC shard_id=0}:send_chunk_state_witness{chunk_hash=ChunkHash(GcMXCEkV5yrhEzRRwJGUDNAx6JLFLENBz8GLckQreAxs) shard_id=0}: client: send_chunk_endorsement_from_chunk_producer chunk_hash=ChunkHash(GcMXCEkV5yrhEzRRwJGUDNAx6JLFLENBz8GLckQreAxs) shard_id=0
2024-10-30T22:36:37.634711Z DEBUG check_triggers:try_process_unfinished_blocks:postprocess_ready_blocks{should_produce_chunk=true}:on_block_accepted_with_optional_chunk_produce{block_hash=9MpmuKyZdyGrckYGYDFh4SAiSgKqbZHXByQL1xLuiGeC status=Next provenance=PRODUCED skip_produce_chunk=false is_syncing=false sync_status=NoSync}:produce_chunks{validator_id=AccountId("test.near") block_height=4}:on_block_accepted{prev_block_hash=9MpmuKyZdyGrckYGYDFh4SAiSgKqbZHXByQL1xLuiGeC shard_id=0}:send_chunk_state_witness{chunk_hash=ChunkHash(GcMXCEkV5yrhEzRRwJGUDNAx6JLFLENBz8GLckQreAxs) shard_id=0}: client: send_chunk_endorsement chunk_hash=ChunkHash(GcMXCEkV5yrhEzRRwJGUDNAx6JLFLENBz8GLckQreAxs) shard_id=0 block_producers=[AccountId("test.near")]
2024-10-30T22:36:37.634956Z DEBUG check_triggers:try_process_unfinished_blocks:process_accepted_blocks{num_blocks=1}: client: process_accepted_block height=4
2024-10-30T22:36:37.634940Z DEBUG client: distribute_chunk_state_witness chunk_hash=ChunkHash(GcMXCEkV5yrhEzRRwJGUDNAx6JLFLENBz8GLckQreAxs)
2024-10-30T22:36:37.635010Z DEBUG check_triggers:try_process_unfinished_blocks:process_accepted_blocks{num_blocks=1}: client: No peers: skip account announce
2024-10-30T22:36:37.635219Z DEBUG client: generate_state_witness_parts chunk_hash=ChunkHash(GcMXCEkV5yrhEzRRwJGUDNAx6JLFLENBz8GLckQreAxs) chunk_validators=[AccountId("test.near")]
2024-10-30T22:36:37.635539Z DEBUG client: Receive PartialEncodedStateWitnessMessage partial_witness=PartialEncodedStateWitness { epoch_id: EpochId(11111111111111111111111111111111), shard_id: 0, height_created: 5, part_ord: 0 }
2024-10-30T22:36:37.728700Z DEBUG check_triggers:try_handle_block_production:handle_block_production: client: Cannot produce any block: not enough approvals beyond 4
2024-10-30T22:36:37.831143Z DEBUG check_triggers:try_handle_block_production:handle_block_production: client: Cannot produce any block: not enough approvals beyond 4
2024-10-30T22:36:37.931894Z DEBUG check_triggers:try_handle_block_production:handle_block_production: client: Cannot produce any block: not enough approvals beyond 4
2024-10-30T22:36:38.033847Z DEBUG check_triggers:try_handle_block_production:handle_block_production: client: Cannot produce any block: not enough approvals beyond 4
2024-10-30T22:36:38.135026Z DEBUG check_triggers:try_handle_block_production:handle_block_production: client: Cannot produce any block: not enough approvals beyond 4
2024-10-30T22:36:38.237081Z DEBUG check_triggers:try_doomslug_timer: client: collect_block_approval approval_inner=Endorsement(9MpmuKyZdyGrckYGYDFh4SAiSgKqbZHXByQL1xLuiGeC) account_id=AccountId("test.near") target_height=5 approval_type=SelfApproval
2024-10-30T22:36:38.237326Z DEBUG check_triggers:try_handle_block_production:handle_block_production: client: Considering blocks for production between 5 and 5
2024-10-30T22:36:38.237667Z DEBUG check_triggers:try_handle_block_production:handle_block_production:produce_block{next_height=5}:produce_block_on_head{height=5}: client: Producing block validator=AccountId("test.near") height=5 prev_height=4 prev_hash="9MpmuK" new_chunks_count=1 new_chunks=[ChunkHash(GcMXCEkV5yrhEzRRwJGUDNAx6JLFLENBz8GLckQreAxs)]
2024-10-30T22:36:38.238694Z DEBUG check_triggers:try_handle_block_production:handle_block_production:produce_block{next_height=5}:start_process_block{provenance=PRODUCED block_height=5}:start_process_block_async{provenance=PRODUCED height=5}:start_process_block_impl{block_height=5}: chain: preprocess_block height=5 num_approvals=1
2024-10-30T22:36:38.238876Z DEBUG check_triggers:try_handle_block_production:handle_block_production:produce_block{next_height=5}:start_process_block{provenance=PRODUCED block_height=5}:start_process_block_async{provenance=PRODUCED height=5}:start_process_block_impl{block_height=5}: chain: Process block block_hash=GKWKH9Mf7FHmeLYKTHVdDJLLCptxDZqYCPbYVAcmSum6 me=Some(AccountId("test.near")) is_caught_up=true
2024-10-30T22:36:38.240973Z DEBUG check_triggers:try_process_unfinished_blocks:postprocess_ready_blocks{should_produce_chunk=true}:postprocess_ready_blocks_chain:postprocess_ready_block{height=5}:postprocess_block_only:ChainUpdate::postprocess_block: chain: Header head updated to GKWKH9Mf7FHmeLYKTHVdDJLLCptxDZqYCPbYVAcmSum6 at 5
2024-10-30T22:36:38.241270Z DEBUG check_triggers:try_process_unfinished_blocks:postprocess_ready_blocks{should_produce_chunk=true}:postprocess_ready_blocks_chain:postprocess_ready_block{height=5}:postprocess_block_only:ChainUpdate::postprocess_block: chain: Head updated to GKWKH9Mf7FHmeLYKTHVdDJLLCptxDZqYCPbYVAcmSum6 at 5
2024-10-30T22:36:38.241909Z DEBUG check_triggers:try_process_unfinished_blocks:postprocess_ready_blocks{should_produce_chunk=true}:postprocess_ready_blocks_chain:postprocess_ready_block{height=5}: chain: Updating flat storage shard_id=0 need_flat_storage_update=true
2024-10-30T22:36:38.242549Z DEBUG check_triggers:try_process_unfinished_blocks:postprocess_ready_blocks{should_produce_chunk=true}:on_block_accepted_with_optional_chunk_produce{block_hash=GKWKH9Mf7FHmeLYKTHVdDJLLCptxDZqYCPbYVAcmSum6 status=Next provenance=PRODUCED skip_produce_chunk=false is_syncing=false sync_status=NoSync}:produce_chunks{validator_id=AccountId("test.near") block_height=5}:on_block_accepted{prev_block_hash=GKWKH9Mf7FHmeLYKTHVdDJLLCptxDZqYCPbYVAcmSum6 shard_id=0}:produce_chunk{height=6 epoch_id=EpochId(11111111111111111111111111111111)}: client: Producing chunk me=AccountId("test.near") next_height=6 shard_id=0
2024-10-30T22:36:38.243402Z DEBUG check_triggers:try_process_unfinished_blocks:postprocess_ready_blocks{should_produce_chunk=true}:on_block_accepted_with_optional_chunk_produce{block_hash=GKWKH9Mf7FHmeLYKTHVdDJLLCptxDZqYCPbYVAcmSum6 status=Next provenance=PRODUCED skip_produce_chunk=false is_syncing=false sync_status=NoSync}:produce_chunks{validator_id=AccountId("test.near") block_height=5}:on_block_accepted{prev_block_hash=GKWKH9Mf7FHmeLYKTHVdDJLLCptxDZqYCPbYVAcmSum6 shard_id=0}:produce_chunk{height=6 epoch_id=EpochId(11111111111111111111111111111111) chunk_hash=ChunkHash(3tYQZiN6GFJnR4jBgdsxAP871STyUixejSwtA1Kr3TW2)}: client: produced_chunk me=test.near chunk_hash=ChunkHash(3tYQZiN6GFJnR4jBgdsxAP871STyUixejSwtA1Kr3TW2) prev_block_hash=GKWKH9Mf7FHmeLYKTHVdDJLLCptxDZqYCPbYVAcmSum6 num_filtered_transactions=0 num_outgoing_receipts=0
2024-10-30T22:36:38.244152Z DEBUG check_triggers:try_process_unfinished_blocks:postprocess_ready_blocks{should_produce_chunk=true}:on_block_accepted_with_optional_chunk_produce{block_hash=GKWKH9Mf7FHmeLYKTHVdDJLLCptxDZqYCPbYVAcmSum6 status=Next provenance=PRODUCED skip_produce_chunk=false is_syncing=false sync_status=NoSync}:produce_chunks{validator_id=AccountId("test.near") block_height=5}:on_block_accepted{prev_block_hash=GKWKH9Mf7FHmeLYKTHVdDJLLCptxDZqYCPbYVAcmSum6 shard_id=0}:send_chunk_state_witness{chunk_hash=ChunkHash(3tYQZiN6GFJnR4jBgdsxAP871STyUixejSwtA1Kr3TW2) shard_id=0}:get_incoming_receipts_for_shard{shard_id=0 block_hash=GKWKH9Mf7FHmeLYKTHVdDJLLCptxDZqYCPbYVAcmSum6 last_chunk_height_included=4}: chain: found receipts from block with missing chunks
2024-10-30T22:36:38.244264Z DEBUG check_triggers:try_process_unfinished_blocks:postprocess_ready_blocks{should_produce_chunk=true}:on_block_accepted_with_optional_chunk_produce{block_hash=GKWKH9Mf7FHmeLYKTHVdDJLLCptxDZqYCPbYVAcmSum6 status=Next provenance=PRODUCED skip_produce_chunk=false is_syncing=false sync_status=NoSync}:produce_chunks{validator_id=AccountId("test.near") block_height=5}:on_block_accepted{prev_block_hash=GKWKH9Mf7FHmeLYKTHVdDJLLCptxDZqYCPbYVAcmSum6 shard_id=0}:send_chunk_state_witness{chunk_hash=ChunkHash(3tYQZiN6GFJnR4jBgdsxAP871STyUixejSwtA1Kr3TW2) shard_id=0}: client: send_chunk_endorsement_from_chunk_producer chunk_hash=ChunkHash(3tYQZiN6GFJnR4jBgdsxAP871STyUixejSwtA1Kr3TW2) shard_id=0
2024-10-30T22:36:38.244350Z DEBUG check_triggers:try_process_unfinished_blocks:postprocess_ready_blocks{should_produce_chunk=true}:on_block_accepted_with_optional_chunk_produce{block_hash=GKWKH9Mf7FHmeLYKTHVdDJLLCptxDZqYCPbYVAcmSum6 status=Next provenance=PRODUCED skip_produce_chunk=false is_syncing=false sync_status=NoSync}:produce_chunks{validator_id=AccountId("test.near") block_height=5}:on_block_accepted{prev_block_hash=GKWKH9Mf7FHmeLYKTHVdDJLLCptxDZqYCPbYVAcmSum6 shard_id=0}:send_chunk_state_witness{chunk_hash=ChunkHash(3tYQZiN6GFJnR4jBgdsxAP871STyUixejSwtA1Kr3TW2) shard_id=0}: client: send_chunk_endorsement chunk_hash=ChunkHash(3tYQZiN6GFJnR4jBgdsxAP871STyUixejSwtA1Kr3TW2) shard_id=0 block_producers=[AccountId("test.near")]
2024-10-30T22:36:38.244608Z DEBUG check_triggers:try_process_unfinished_blocks:process_accepted_blocks{num_blocks=1}: client: process_accepted_block height=5
2024-10-30T22:36:38.244615Z DEBUG client: distribute_chunk_state_witness chunk_hash=ChunkHash(3tYQZiN6GFJnR4jBgdsxAP871STyUixejSwtA1Kr3TW2)
2024-10-30T22:36:38.244660Z DEBUG check_triggers:try_process_unfinished_blocks:process_accepted_blocks{num_blocks=1}: client: No peers: skip account announce
2024-10-30T22:36:38.245333Z DEBUG client: generate_state_witness_parts chunk_hash=ChunkHash(3tYQZiN6GFJnR4jBgdsxAP871STyUixejSwtA1Kr3TW2) chunk_validators=[AccountId("test.near")]
2024-10-30T22:36:38.245676Z DEBUG client: Receive PartialEncodedStateWitnessMessage partial_witness=PartialEncodedStateWitness { epoch_id: EpochId(11111111111111111111111111111111), shard_id: 0, height_created: 6, part_ord: 0 }
2024-10-30T22:36:38.337533Z DEBUG check_triggers:try_handle_block_production:handle_block_production: client: Cannot produce any block: not enough approvals beyond 5
2024-10-30T22:36:38.439363Z DEBUG check_triggers:try_handle_block_production:handle_block_production: client: Cannot produce any block: not enough approvals beyond 5
2024-10-30T22:36:38.541746Z DEBUG check_triggers:try_handle_block_production:handle_block_production: client: Cannot produce any block: not enough approvals beyond 5
2024-10-30T22:36:38.642944Z DEBUG check_triggers:try_handle_block_production:handle_block_production: client: Cannot produce any block: not enough approvals beyond 5
2024-10-30T22:36:38.745001Z DEBUG check_triggers:try_handle_block_production:handle_block_production: client: Cannot produce any block: not enough approvals beyond 5
2024-10-30T22:36:38.846302Z DEBUG check_triggers:try_doomslug_timer: client: collect_block_approval approval_inner=Endorsement(GKWKH9Mf7FHmeLYKTHVdDJLLCptxDZqYCPbYVAcmSum6) account_id=AccountId("test.near") target_height=6 approval_type=SelfApproval
2024-10-30T22:36:38.846526Z DEBUG check_triggers:try_handle_block_production:handle_block_production: client: Considering blocks for production between 6 and 6
2024-10-30T22:36:38.846869Z DEBUG check_triggers:try_handle_block_production:handle_block_production:produce_block{next_height=6}:produce_block_on_head{height=6}: client: Producing block validator=AccountId("test.near") height=6 prev_height=5 prev_hash="GKWKH9" new_chunks_count=1 new_chunks=[ChunkHash(3tYQZiN6GFJnR4jBgdsxAP871STyUixejSwtA1Kr3TW2)]
2024-10-30T22:36:38.847895Z DEBUG check_triggers:try_handle_block_production:handle_block_production:produce_block{next_height=6}:start_process_block{provenance=PRODUCED block_height=6}:start_process_block_async{provenance=PRODUCED height=6}:start_process_block_impl{block_height=6}: chain: preprocess_block height=6 num_approvals=1
2024-10-30T22:36:38.848043Z DEBUG check_triggers:try_handle_block_production:handle_block_production:produce_block{next_height=6}:start_process_block{provenance=PRODUCED block_height=6}:start_process_block_async{provenance=PRODUCED height=6}:start_process_block_impl{block_height=6}: chain: Process block block_hash=9YTMuDYYdWRRK991FrREecPYYn7Pw7fdv2tCuD7asX3x me=Some(AccountId("test.near")) is_caught_up=true
2024-10-30T22:36:38.850197Z DEBUG check_triggers:try_process_unfinished_blocks:postprocess_ready_blocks{should_produce_chunk=true}:postprocess_ready_blocks_chain:postprocess_ready_block{height=6}:postprocess_block_only:ChainUpdate::postprocess_block: chain: Header head updated to 9YTMuDYYdWRRK991FrREecPYYn7Pw7fdv2tCuD7asX3x at 6
2024-10-30T22:36:38.850513Z DEBUG check_triggers:try_process_unfinished_blocks:postprocess_ready_blocks{should_produce_chunk=true}:postprocess_ready_blocks_chain:postprocess_ready_block{height=6}:postprocess_block_only:ChainUpdate::postprocess_block: chain: Head updated to 9YTMuDYYdWRRK991FrREecPYYn7Pw7fdv2tCuD7asX3x at 6
2024-10-30T22:36:38.851460Z DEBUG check_triggers:try_process_unfinished_blocks:postprocess_ready_blocks{should_produce_chunk=true}:postprocess_ready_blocks_chain:postprocess_ready_block{height=6}: chain: Updating flat storage shard_id=0 need_flat_storage_update=true
2024-10-30T22:36:38.852123Z DEBUG check_triggers:try_process_unfinished_blocks:postprocess_ready_blocks{should_produce_chunk=true}:on_block_accepted_with_optional_chunk_produce{block_hash=9YTMuDYYdWRRK991FrREecPYYn7Pw7fdv2tCuD7asX3x status=Next provenance=PRODUCED skip_produce_chunk=false is_syncing=false sync_status=NoSync}:produce_chunks{validator_id=AccountId("test.near") block_height=6}:on_block_accepted{prev_block_hash=9YTMuDYYdWRRK991FrREecPYYn7Pw7fdv2tCuD7asX3x shard_id=0}:produce_chunk{height=7 epoch_id=EpochId(11111111111111111111111111111111)}: client: Producing chunk me=AccountId("test.near") next_height=7 shard_id=0
2024-10-30T22:36:38.853110Z DEBUG check_triggers:try_process_unfinished_blocks:postprocess_ready_blocks{should_produce_chunk=true}:on_block_accepted_with_optional_chunk_produce{block_hash=9YTMuDYYdWRRK991FrREecPYYn7Pw7fdv2tCuD7asX3x status=Next provenance=PRODUCED skip_produce_chunk=false is_syncing=false sync_status=NoSync}:produce_chunks{validator_id=AccountId("test.near") block_height=6}:on_block_accepted{prev_block_hash=9YTMuDYYdWRRK991FrREecPYYn7Pw7fdv2tCuD7asX3x shard_id=0}:produce_chunk{height=7 epoch_id=EpochId(11111111111111111111111111111111) chunk_hash=ChunkHash(FsNWMKUEHe77nkquLF2xDngmXRP1NdeRCALTnHdbvTE1)}: client: produced_chunk me=test.near chunk_hash=ChunkHash(FsNWMKUEHe77nkquLF2xDngmXRP1NdeRCALTnHdbvTE1) prev_block_hash=9YTMuDYYdWRRK991FrREecPYYn7Pw7fdv2tCuD7asX3x num_filtered_transactions=0 num_outgoing_receipts=0
2024-10-30T22:36:38.853989Z DEBUG check_triggers:try_process_unfinished_blocks:postprocess_ready_blocks{should_produce_chunk=true}:on_block_accepted_with_optional_chunk_produce{block_hash=9YTMuDYYdWRRK991FrREecPYYn7Pw7fdv2tCuD7asX3x status=Next provenance=PRODUCED skip_produce_chunk=false is_syncing=false sync_status=NoSync}:produce_chunks{validator_id=AccountId("test.near") block_height=6}:on_block_accepted{prev_block_hash=9YTMuDYYdWRRK991FrREecPYYn7Pw7fdv2tCuD7asX3x shard_id=0}:send_chunk_state_witness{chunk_hash=ChunkHash(FsNWMKUEHe77nkquLF2xDngmXRP1NdeRCALTnHdbvTE1) shard_id=0}:get_incoming_receipts_for_shard{shard_id=0 block_hash=9YTMuDYYdWRRK991FrREecPYYn7Pw7fdv2tCuD7asX3x last_chunk_height_included=5}: chain: found receipts from block with missing chunks
2024-10-30T22:36:38.854121Z DEBUG check_triggers:try_process_unfinished_blocks:postprocess_ready_blocks{should_produce_chunk=true}:on_block_accepted_with_optional_chunk_produce{block_hash=9YTMuDYYdWRRK991FrREecPYYn7Pw7fdv2tCuD7asX3x status=Next provenance=PRODUCED skip_produce_chunk=false is_syncing=false sync_status=NoSync}:produce_chunks{validator_id=AccountId("test.near") block_height=6}:on_block_accepted{prev_block_hash=9YTMuDYYdWRRK991FrREecPYYn7Pw7fdv2tCuD7asX3x shard_id=0}:send_chunk_state_witness{chunk_hash=ChunkHash(FsNWMKUEHe77nkquLF2xDngmXRP1NdeRCALTnHdbvTE1) shard_id=0}: client: send_chunk_endorsement_from_chunk_producer chunk_hash=ChunkHash(FsNWMKUEHe77nkquLF2xDngmXRP1NdeRCALTnHdbvTE1) shard_id=0
2024-10-30T22:36:38.854213Z DEBUG check_triggers:try_process_unfinished_blocks:postprocess_ready_blocks{should_produce_chunk=true}:on_block_accepted_with_optional_chunk_produce{block_hash=9YTMuDYYdWRRK991FrREecPYYn7Pw7fdv2tCuD7asX3x status=Next provenance=PRODUCED skip_produce_chunk=false is_syncing=false sync_status=NoSync}:produce_chunks{validator_id=AccountId("test.near") block_height=6}:on_block_accepted{prev_block_hash=9YTMuDYYdWRRK991FrREecPYYn7Pw7fdv2tCuD7asX3x shard_id=0}:send_chunk_state_witness{chunk_hash=ChunkHash(FsNWMKUEHe77nkquLF2xDngmXRP1NdeRCALTnHdbvTE1) shard_id=0}: client: send_chunk_endorsement chunk_hash=ChunkHash(FsNWMKUEHe77nkquLF2xDngmXRP1NdeRCALTnHdbvTE1) shard_id=0 block_producers=[AccountId("test.near")]
2024-10-30T22:36:38.854473Z DEBUG check_triggers:try_process_unfinished_blocks:process_accepted_blocks{num_blocks=1}: client: process_accepted_block height=6
2024-10-30T22:36:38.854470Z DEBUG client: distribute_chunk_state_witness chunk_hash=ChunkHash(FsNWMKUEHe77nkquLF2xDngmXRP1NdeRCALTnHdbvTE1)
2024-10-30T22:36:38.854535Z DEBUG check_triggers:try_process_unfinished_blocks:process_accepted_blocks{num_blocks=1}: client: No peers: skip account announce
2024-10-30T22:36:38.855146Z DEBUG client: generate_state_witness_parts chunk_hash=ChunkHash(FsNWMKUEHe77nkquLF2xDngmXRP1NdeRCALTnHdbvTE1) chunk_validators=[AccountId("test.near")]
2024-10-30T22:36:38.855532Z DEBUG client: Receive PartialEncodedStateWitnessMessage partial_witness=PartialEncodedStateWitness { epoch_id: EpochId(11111111111111111111111111111111), shard_id: 0, height_created: 7, part_ord: 0 }
2024-10-30T22:36:38.947841Z DEBUG check_triggers:try_handle_block_production:handle_block_production: client: Cannot produce any block: not enough approvals beyond 6
2024-10-30T22:36:39.051197Z DEBUG check_triggers:try_handle_block_production:handle_block_production: client: Cannot produce any block: not enough approvals beyond 6
2024-10-30T22:36:39.152140Z DEBUG check_triggers:try_handle_block_production:handle_block_production: client: Cannot produce any block: not enough approvals beyond 6
OpenTelemetry trace error occurred. Exporter otlp encountered the following error(s): the grpc server returns error (The service is currently unavailable): , detailed error message: error trying to connect: tcp connect error: Connection refused (os error 61)
2024-10-30T22:36:39.252939Z DEBUG check_triggers:try_handle_block_production:handle_block_production: client: Cannot produce any block: not enough approvals beyond 6
2024-10-30T22:36:39.354480Z DEBUG check_triggers:try_handle_block_production:handle_block_production: client: Cannot produce any block: not enough approvals beyond 6
2024-10-30T22:36:39.455705Z DEBUG check_triggers:try_doomslug_timer: client: collect_block_approval approval_inner=Endorsement(9YTMuDYYdWRRK991FrREecPYYn7Pw7fdv2tCuD7asX3x) account_id=AccountId("test.near") target_height=7 approval_type=SelfApproval
2024-10-30T22:36:39.455935Z DEBUG check_triggers:try_handle_block_production:handle_block_production: client: Considering blocks for production between 7 and 7
2024-10-30T22:36:39.456280Z DEBUG check_triggers:try_handle_block_production:handle_block_production:produce_block{next_height=7}:produce_block_on_head{height=7}: client: Producing block validator=AccountId("test.near") height=7 prev_height=6 prev_hash="9YTMuD" new_chunks_count=1 new_chunks=[ChunkHash(FsNWMKUEHe77nkquLF2xDngmXRP1NdeRCALTnHdbvTE1)]
2024-10-30T22:36:39.457291Z DEBUG check_triggers:try_handle_block_production:handle_block_production:produce_block{next_height=7}:start_process_block{provenance=PRODUCED block_height=7}:start_process_block_async{provenance=PRODUCED height=7}:start_process_block_impl{block_height=7}: chain: preprocess_block height=7 num_approvals=1
2024-10-30T22:36:39.457432Z DEBUG check_triggers:try_handle_block_production:handle_block_production:produce_block{next_height=7}:start_process_block{provenance=PRODUCED block_height=7}:start_process_block_async{provenance=PRODUCED height=7}:start_process_block_impl{block_height=7}: chain: Process block block_hash=C19qvS81hTo9g4Ec9suus7hh8ovdYBSR8fYaf7a5azt5 me=Some(AccountId("test.near")) is_caught_up=true
2024-10-30T22:36:39.459608Z DEBUG check_triggers:try_process_unfinished_blocks:postprocess_ready_blocks{should_produce_chunk=true}:postprocess_ready_blocks_chain:postprocess_ready_block{height=7}:postprocess_block_only:ChainUpdate::postprocess_block: chain: Header head updated to C19qvS81hTo9g4Ec9suus7hh8ovdYBSR8fYaf7a5azt5 at 7
2024-10-30T22:36:39.459913Z DEBUG check_triggers:try_process_unfinished_blocks:postprocess_ready_blocks{should_produce_chunk=true}:postprocess_ready_blocks_chain:postprocess_ready_block{height=7}:postprocess_block_only:ChainUpdate::postprocess_block: chain: Head updated to C19qvS81hTo9g4Ec9suus7hh8ovdYBSR8fYaf7a5azt5 at 7
2024-10-30T22:36:39.460565Z DEBUG check_triggers:try_process_unfinished_blocks:postprocess_ready_blocks{should_produce_chunk=true}:postprocess_ready_blocks_chain:postprocess_ready_block{height=7}: chain: Updating flat storage shard_id=0 need_flat_storage_update=true
2024-10-30T22:36:39.461174Z DEBUG check_triggers:try_process_unfinished_blocks:postprocess_ready_blocks{should_produce_chunk=true}:on_block_accepted_with_optional_chunk_produce{block_hash=C19qvS81hTo9g4Ec9suus7hh8ovdYBSR8fYaf7a5azt5 status=Next provenance=PRODUCED skip_produce_chunk=false is_syncing=false sync_status=NoSync}:produce_chunks{validator_id=AccountId("test.near") block_height=7}:on_block_accepted{prev_block_hash=C19qvS81hTo9g4Ec9suus7hh8ovdYBSR8fYaf7a5azt5 shard_id=0}:produce_chunk{height=8 epoch_id=EpochId(11111111111111111111111111111111)}: client: Producing chunk me=AccountId("test.near") next_height=8 shard_id=0
2024-10-30T22:36:39.462092Z DEBUG check_triggers:try_process_unfinished_blocks:postprocess_ready_blocks{should_produce_chunk=true}:on_block_accepted_with_optional_chunk_produce{block_hash=C19qvS81hTo9g4Ec9suus7hh8ovdYBSR8fYaf7a5azt5 status=Next provenance=PRODUCED skip_produce_chunk=false is_syncing=false sync_status=NoSync}:produce_chunks{validator_id=AccountId("test.near") block_height=7}:on_block_accepted{prev_block_hash=C19qvS81hTo9g4Ec9suus7hh8ovdYBSR8fYaf7a5azt5 shard_id=0}:produce_chunk{height=8 epoch_id=EpochId(11111111111111111111111111111111) chunk_hash=ChunkHash(5inFKRhrJH2twqgMCbkBNTj32LXCZQhiW34PeG1aYbSf)}: client: produced_chunk me=test.near chunk_hash=ChunkHash(5inFKRhrJH2twqgMCbkBNTj32LXCZQhiW34PeG1aYbSf) prev_block_hash=C19qvS81hTo9g4Ec9suus7hh8ovdYBSR8fYaf7a5azt5 num_filtered_transactions=0 num_outgoing_receipts=0
2024-10-30T22:36:39.462917Z DEBUG check_triggers:try_process_unfinished_blocks:postprocess_ready_blocks{should_produce_chunk=true}:on_block_accepted_with_optional_chunk_produce{block_hash=C19qvS81hTo9g4Ec9suus7hh8ovdYBSR8fYaf7a5azt5 status=Next provenance=PRODUCED skip_produce_chunk=false is_syncing=false sync_status=NoSync}:produce_chunks{validator_id=AccountId("test.near") block_height=7}:on_block_accepted{prev_block_hash=C19qvS81hTo9g4Ec9suus7hh8ovdYBSR8fYaf7a5azt5 shard_id=0}:send_chunk_state_witness{chunk_hash=ChunkHash(5inFKRhrJH2twqgMCbkBNTj32LXCZQhiW34PeG1aYbSf) shard_id=0}:get_incoming_receipts_for_shard{shard_id=0 block_hash=C19qvS81hTo9g4Ec9suus7hh8ovdYBSR8fYaf7a5azt5 last_chunk_height_included=6}: chain: found receipts from block with missing chunks
2024-10-30T22:36:39.463036Z DEBUG check_triggers:try_process_unfinished_blocks:postprocess_ready_blocks{should_produce_chunk=true}:on_block_accepted_with_optional_chunk_produce{block_hash=C19qvS81hTo9g4Ec9suus7hh8ovdYBSR8fYaf7a5azt5 status=Next provenance=PRODUCED skip_produce_chunk=false is_syncing=false sync_status=NoSync}:produce_chunks{validator_id=AccountId("test.near") block_height=7}:on_block_accepted{prev_block_hash=C19qvS81hTo9g4Ec9suus7hh8ovdYBSR8fYaf7a5azt5 shard_id=0}:send_chunk_state_witness{chunk_hash=ChunkHash(5inFKRhrJH2twqgMCbkBNTj32LXCZQhiW34PeG1aYbSf) shard_id=0}: client: send_chunk_endorsement_from_chunk_producer chunk_hash=ChunkHash(5inFKRhrJH2twqgMCbkBNTj32LXCZQhiW34PeG1aYbSf) shard_id=0
2024-10-30T22:36:39.463124Z DEBUG check_triggers:try_process_unfinished_blocks:postprocess_ready_blocks{should_produce_chunk=true}:on_block_accepted_with_optional_chunk_produce{block_hash=C19qvS81hTo9g4Ec9suus7hh8ovdYBSR8fYaf7a5azt5 status=Next provenance=PRODUCED skip_produce_chunk=false is_syncing=false sync_status=NoSync}:produce_chunks{validator_id=AccountId("test.near") block_height=7}:on_block_accepted{prev_block_hash=C19qvS81hTo9g4Ec9suus7hh8ovdYBSR8fYaf7a5azt5 shard_id=0}:send_chunk_state_witness{chunk_hash=ChunkHash(5inFKRhrJH2twqgMCbkBNTj32LXCZQhiW34PeG1aYbSf) shard_id=0}: client: send_chunk_endorsement chunk_hash=ChunkHash(5inFKRhrJH2twqgMCbkBNTj32LXCZQhiW34PeG1aYbSf) shard_id=0 block_producers=[AccountId("test.near")]
2024-10-30T22:36:39.463376Z DEBUG check_triggers:try_process_unfinished_blocks:process_accepted_blocks{num_blocks=1}: client: process_accepted_block height=7
2024-10-30T22:36:39.463368Z DEBUG client: distribute_chunk_state_witness chunk_hash=ChunkHash(5inFKRhrJH2twqgMCbkBNTj32LXCZQhiW34PeG1aYbSf)
2024-10-30T22:36:39.463450Z DEBUG check_triggers:try_process_unfinished_blocks:process_accepted_blocks{num_blocks=1}: client: No peers: skip account announce
2024-10-30T22:36:39.464084Z DEBUG client: generate_state_witness_parts chunk_hash=ChunkHash(5inFKRhrJH2twqgMCbkBNTj32LXCZQhiW34PeG1aYbSf) chunk_validators=[AccountId("test.near")]
2024-10-30T22:36:39.464415Z DEBUG client: Receive PartialEncodedStateWitnessMessage partial_witness=PartialEncodedStateWitness { epoch_id: EpochId(11111111111111111111111111111111), shard_id: 0, height_created: 8, part_ord: 0 }
2024-10-30T22:36:39.556341Z DEBUG check_triggers:try_handle_block_production:handle_block_production: client: Cannot produce any block: not enough approvals beyond 7
2024-10-30T22:36:39.658585Z DEBUG check_triggers:try_handle_block_production:handle_block_production: client: Cannot produce any block: not enough approvals beyond 7
2024-10-30T22:36:39.760038Z DEBUG check_triggers:try_handle_block_production:handle_block_production: client: Cannot produce any block: not enough approvals beyond 7
2024-10-30T22:36:39.862115Z DEBUG check_triggers:try_handle_block_production:handle_block_production: client: Cannot produce any block: not enough approvals beyond 7
2024-10-30T22:36:39.963182Z DEBUG check_triggers:try_handle_block_production:handle_block_production: client: Cannot produce any block: not enough approvals beyond 7
2024-10-30T22:36:40.064870Z DEBUG check_triggers:try_doomslug_timer: client: collect_block_approval approval_inner=Endorsement(C19qvS81hTo9g4Ec9suus7hh8ovdYBSR8fYaf7a5azt5) account_id=AccountId("test.near") target_height=8 approval_type=SelfApproval
2024-10-30T22:36:40.065099Z DEBUG check_triggers:try_handle_block_production:handle_block_production: client: Considering blocks for production between 8 and 8
2024-10-30T22:36:40.065444Z DEBUG check_triggers:try_handle_block_production:handle_block_production:produce_block{next_height=8}:produce_block_on_head{height=8}: client: Producing block validator=AccountId("test.near") height=8 prev_height=7 prev_hash="C19qvS" new_chunks_count=1 new_chunks=[ChunkHash(5inFKRhrJH2twqgMCbkBNTj32LXCZQhiW34PeG1aYbSf)]
2024-10-30T22:36:40.066468Z DEBUG check_triggers:try_handle_block_production:handle_block_production:produce_block{next_height=8}:start_process_block{provenance=PRODUCED block_height=8}:start_process_block_async{provenance=PRODUCED height=8}:start_process_block_impl{block_height=8}: chain: preprocess_block height=8 num_approvals=1
2024-10-30T22:36:40.066631Z DEBUG check_triggers:try_handle_block_production:handle_block_production:produce_block{next_height=8}:start_process_block{provenance=PRODUCED block_height=8}:start_process_block_async{provenance=PRODUCED height=8}:start_process_block_impl{block_height=8}: chain: Process block block_hash=GbEi3bPYR1vHCsPxCh23J1JVQV2MbnYby4LcnXxpomjp me=Some(AccountId("test.near")) is_caught_up=true
2024-10-30T22:36:40.068925Z DEBUG check_triggers:try_process_unfinished_blocks:postprocess_ready_blocks{should_produce_chunk=true}:postprocess_ready_blocks_chain:postprocess_ready_block{height=8}:postprocess_block_only:ChainUpdate::postprocess_block: chain: Header head updated to GbEi3bPYR1vHCsPxCh23J1JVQV2MbnYby4LcnXxpomjp at 8
2024-10-30T22:36:40.069227Z DEBUG check_triggers:try_process_unfinished_blocks:postprocess_ready_blocks{should_produce_chunk=true}:postprocess_ready_blocks_chain:postprocess_ready_block{height=8}:postprocess_block_only:ChainUpdate::postprocess_block: chain: Head updated to GbEi3bPYR1vHCsPxCh23J1JVQV2MbnYby4LcnXxpomjp at 8
2024-10-30T22:36:40.069863Z DEBUG check_triggers:try_process_unfinished_blocks:postprocess_ready_blocks{should_produce_chunk=true}:postprocess_ready_blocks_chain:postprocess_ready_block{height=8}: chain: Updating flat storage shard_id=0 need_flat_storage_update=true
2024-10-30T22:36:40.070500Z DEBUG check_triggers:try_process_unfinished_blocks:postprocess_ready_blocks{should_produce_chunk=true}:on_block_accepted_with_optional_chunk_produce{block_hash=GbEi3bPYR1vHCsPxCh23J1JVQV2MbnYby4LcnXxpomjp status=Next provenance=PRODUCED skip_produce_chunk=false is_syncing=false sync_status=NoSync}:produce_chunks{validator_id=AccountId("test.near") block_height=8}:on_block_accepted{prev_block_hash=GbEi3bPYR1vHCsPxCh23J1JVQV2MbnYby4LcnXxpomjp shard_id=0}:produce_chunk{height=9 epoch_id=EpochId(11111111111111111111111111111111)}: client: Producing chunk me=AccountId("test.near") next_height=9 shard_id=0
2024-10-30T22:36:40.071386Z DEBUG check_triggers:try_process_unfinished_blocks:postprocess_ready_blocks{should_produce_chunk=true}:on_block_accepted_with_optional_chunk_produce{block_hash=GbEi3bPYR1vHCsPxCh23J1JVQV2MbnYby4LcnXxpomjp status=Next provenance=PRODUCED skip_produce_chunk=false is_syncing=false sync_status=NoSync}:produce_chunks{validator_id=AccountId("test.near") block_height=8}:on_block_accepted{prev_block_hash=GbEi3bPYR1vHCsPxCh23J1JVQV2MbnYby4LcnXxpomjp shard_id=0}:produce_chunk{height=9 epoch_id=EpochId(11111111111111111111111111111111) chunk_hash=ChunkHash(2hQW9DFJ9cDQ5LLTAjagG2heyF9kUq8ic7zRaCWTzjm6)}: client: produced_chunk me=test.near chunk_hash=ChunkHash(2hQW9DFJ9cDQ5LLTAjagG2heyF9kUq8ic7zRaCWTzjm6) prev_block_hash=GbEi3bPYR1vHCsPxCh23J1JVQV2MbnYby4LcnXxpomjp num_filtered_transactions=0 num_outgoing_receipts=0
2024-10-30T22:36:40.072157Z DEBUG check_triggers:try_process_unfinished_blocks:postprocess_ready_blocks{should_produce_chunk=true}:on_block_accepted_with_optional_chunk_produce{block_hash=GbEi3bPYR1vHCsPxCh23J1JVQV2MbnYby4LcnXxpomjp status=Next provenance=PRODUCED skip_produce_chunk=false is_syncing=false sync_status=NoSync}:produce_chunks{validator_id=AccountId("test.near") block_height=8}:on_block_accepted{prev_block_hash=GbEi3bPYR1vHCsPxCh23J1JVQV2MbnYby4LcnXxpomjp shard_id=0}:send_chunk_state_witness{chunk_hash=ChunkHash(2hQW9DFJ9cDQ5LLTAjagG2heyF9kUq8ic7zRaCWTzjm6) shard_id=0}:get_incoming_receipts_for_shard{shard_id=0 block_hash=GbEi3bPYR1vHCsPxCh23J1JVQV2MbnYby4LcnXxpomjp last_chunk_height_included=7}: chain: found receipts from block with missing chunks
2024-10-30T22:36:40.072268Z DEBUG check_triggers:try_process_unfinished_blocks:postprocess_ready_blocks{should_produce_chunk=true}:on_block_accepted_with_optional_chunk_produce{block_hash=GbEi3bPYR1vHCsPxCh23J1JVQV2MbnYby4LcnXxpomjp status=Next provenance=PRODUCED skip_produce_chunk=false is_syncing=false sync_status=NoSync}:produce_chunks{validator_id=AccountId("test.near") block_height=8}:on_block_accepted{prev_block_hash=GbEi3bPYR1vHCsPxCh23J1JVQV2MbnYby4LcnXxpomjp shard_id=0}:send_chunk_state_witness{chunk_hash=ChunkHash(2hQW9DFJ9cDQ5LLTAjagG2heyF9kUq8ic7zRaCWTzjm6) shard_id=0}: client: send_chunk_endorsement_from_chunk_producer chunk_hash=ChunkHash(2hQW9DFJ9cDQ5LLTAjagG2heyF9kUq8ic7zRaCWTzjm6) shard_id=0
2024-10-30T22:36:40.072353Z DEBUG check_triggers:try_process_unfinished_blocks:postprocess_ready_blocks{should_produce_chunk=true}:on_block_accepted_with_optional_chunk_produce{block_hash=GbEi3bPYR1vHCsPxCh23J1JVQV2MbnYby4LcnXxpomjp status=Next provenance=PRODUCED skip_produce_chunk=false is_syncing=false sync_status=NoSync}:produce_chunks{validator_id=AccountId("test.near") block_height=8}:on_block_accepted{prev_block_hash=GbEi3bPYR1vHCsPxCh23J1JVQV2MbnYby4LcnXxpomjp shard_id=0}:send_chunk_state_witness{chunk_hash=ChunkHash(2hQW9DFJ9cDQ5LLTAjagG2heyF9kUq8ic7zRaCWTzjm6) shard_id=0}: client: send_chunk_endorsement chunk_hash=ChunkHash(2hQW9DFJ9cDQ5LLTAjagG2heyF9kUq8ic7zRaCWTzjm6) shard_id=0 block_producers=[AccountId("test.near")]
2024-10-30T22:36:40.072606Z DEBUG check_triggers:try_process_unfinished_blocks:process_accepted_blocks{num_blocks=1}: client: process_accepted_block height=8
2024-10-30T22:36:40.072641Z DEBUG check_triggers:try_process_unfinished_blocks:process_accepted_blocks{num_blocks=1}: client: No peers: skip account announce
2024-10-30T22:36:40.072623Z DEBUG client: distribute_chunk_state_witness chunk_hash=ChunkHash(2hQW9DFJ9cDQ5LLTAjagG2heyF9kUq8ic7zRaCWTzjm6)
2024-10-30T22:36:40.072903Z DEBUG client: generate_state_witness_parts chunk_hash=ChunkHash(2hQW9DFJ9cDQ5LLTAjagG2heyF9kUq8ic7zRaCWTzjm6) chunk_validators=[AccountId("test.near")]
2024-10-30T22:36:40.073241Z DEBUG client: Receive PartialEncodedStateWitnessMessage partial_witness=PartialEncodedStateWitness { epoch_id: EpochId(11111111111111111111111111111111), shard_id: 0, height_created: 9, part_ord: 0 }
^C2024-10-30T22:36:40.092936Z  WARN neard: SIGINT, stopping... this may take a few minutes.
2024-10-30T22:36:40.098973Z  INFO neard: Waiting for RocksDB to gracefully shutdown
2024-10-30T22:36:40.099091Z  INFO db: Waiting for remaining RocksDB instances to close num_instances=1
2024-10-30T22:36:40.120622Z  INFO db: All RocksDB instances closed.
